#
# A fatal error has been detected by the Java Runtime Environment:
#
#  EXCEPTION_ACCESS_VIOLATION (0xc0000005) at pc=0x0000000069d4f3e7, pid=5508, tid=0x000000000000348c
#
# JRE version: Java(TM) SE Runtime Environment (8.0_144-b01) (build 1.8.0_144-b01)
# Java VM: Java HotSpot(TM) 64-Bit Server VM (25.144-b01 mixed mode windows-amd64 compressed oops)
# Problematic frame:
# V  [jvm.dll+0x13f3e7]
#
# Failed to write core dump. Minidumps are not enabled by default on client versions of Windows
#
# If you would like to submit a bug report, please visit:
#   http://bugreport.java.com/bugreport/crash.jsp
#

---------------  T H R E A D  ---------------

Current thread (0x000000001b49b000):  JavaThread "HIDCommandExecutionQueue.executor pool-5-thread-1" daemon [_thread_in_vm, id=13452, stack(0x000000001d1e0000,0x000000001d2e0000)]

siginfo: ExceptionCode=0xc0000005, reading address 0x0000000000000000

Registers:
RAX=0x0000000000000000, RBX=0x000000001b49b000, RCX=0x0000000000000b00, RDX=0x000000001b4867f0
RSP=0x000000001d2de620, RBP=0x0000000000000000, RSI=0x000000001b4867f0, RDI=0x0000000000000001
R8 =0x0000000000000000, R9 =0x00000000d72a4a10, R10=0x0000000000000020, R11=0x000000006a41f4d8
R12=0x0000000000000000, R13=0x00000000d6b20258, R14=0x0000000000000000, R15=0x000000001b49b000
RIP=0x0000000069d4f3e7, EFLAGS=0x0000000000010206

Top of Stack: (sp=0x000000001d2de620)
0x000000001d2de620:   00006e19230d05b0 0000000000000000
0x000000001d2de630:   0000000000000000 0000000000000000
0x000000001d2de640:   0000000000000000 0000000180001419
0x000000001d2de650:   00000000d6af2f58 000000001d2de790
0x000000001d2de660:   0000000000000000 00000000d6af2f58
0x000000001d2de670:   00000000d61001b0 000000018000132e
0x000000001d2de680:   0000000000000000 000000001d2de6a0
0x000000001d2de690:   000000001d2de6d0 0000000180002410
0x000000001d2de6a0:   00000000d61001b0 00000001800012f8
0x000000001d2de6b0:   000000001d2de790 000000001d2de798
0x000000001d2de6c0:   000000001d2de7a0 00000001800012f8
0x000000001d2de6d0:   00000001800263e8 00000001800263e8
0x000000001d2de6e0:   00000001800263a0 00000001800263e8
0x000000001d2de6f0:   00000001800263e8 0000000149000049
0x000000001d2de700:   000000001b4867f8 000000001b4ec030
0x000000001d2de710:   0000000069d6a810 0000000180002410 

Instructions: (pc=0x0000000069d4f3e7)
0x0000000069d4f3c7:   00 00 00 30 74 08 48 8b cb e8 bb 38 10 00 c7 83
0x0000000069d4f3d7:   70 02 00 00 06 00 00 00 40 b7 01 48 85 f6 74 60
0x0000000069d4f3e7:   48 8b 4d 00 40 32 ff e8 bd 93 f2 ff 48 8b d0 48
0x0000000069d4f3f7:   85 c0 74 4c 40 38 3d df f0 6c 00 4c 8b 06 74 16 


Register to memory mapping:

RAX=0x0000000000000000 is an unknown value
RBX=0x000000001b49b000 is a thread
RCX=0x0000000000000b00 is an unknown value
RDX=0x000000001b4867f0 is an unknown value
RSP=0x000000001d2de620 is pointing into the stack for thread: 0x000000001b49b000
RBP=0x0000000000000000 is an unknown value
RSI=0x000000001b4867f0 is an unknown value
RDI=0x0000000000000001 is an unknown value
R8 =0x0000000000000000 is an unknown value
R9 =0x00000000d72a4a10 is an oop
[Ljava.lang.Object; 
 - klass: 'java/lang/Object'[]
 - length: 5
R10=0x0000000000000020 is an unknown value
R11=0x000000006a41f4d8 is an unknown value
R12=0x0000000000000000 is an unknown value
R13=0x00000000d6b20258 is an oop
java.lang.reflect.Method 
 - klass: 'java/lang/reflect/Method'
R14=0x0000000000000000 is an unknown value
R15=0x000000001b49b000 is a thread


Stack: [0x000000001d1e0000,0x000000001d2e0000],  sp=0x000000001d2de620,  free space=1017k
Native frames: (J=compiled Java code, j=interpreted, Vv=VM code, C=native code)

Java frames: (J=compiled Java code, j=interpreted, Vv=VM code)
J 703  com.sun.jna.Function.invokeInt(I[Ljava/lang/Object;)I (0 bytes) @ 0x0000000004a8d00f [0x0000000004a8cfc0+0x4f]
J 871 C2 com.sun.jna.Function.invoke([Ljava/lang/Object;Ljava/lang/Class;Z)Ljava/lang/Object; (1125 bytes) @ 0x0000000004b229ec [0x0000000004b22960+0x8c]
J 810 C2 com.sun.jna.Function.invoke(Ljava/lang/Class;[Ljava/lang/Object;Ljava/util/Map;)Ljava/lang/Object; (526 bytes) @ 0x0000000004af64e0 [0x0000000004af56c0+0xe20]
J 870 C2 com.sun.jna.Library$Handler.invoke(Ljava/lang/Object;Ljava/lang/reflect/Method;[Ljava/lang/Object;)Ljava/lang/Object; (345 bytes) @ 0x0000000004b25f14 [0x0000000004b25a60+0x4b4]
J 786 C1 com.sun.proxy.$Proxy2.WriteFile(Lcom/sun/jna/ptr/PointerByReference;[BILcom/sun/jna/ptr/IntByReference;Lcom/sun/jna/ptr/IntByReference;)Z (62 bytes) @ 0x0000000004ae15bc [0x0000000004ae0ca0+0x91c]
J 772 C1 edu.cmu.ri.createlab.usb.hid.windows.WindowsHIDDevice.write([B)Ledu/cmu/ri/createlab/usb/hid/HIDWriteStatus; (595 bytes) @ 0x0000000004abbecc [0x0000000004aba480+0x1a4c]
J 782 C1 edu.cmu.ri.createlab.usb.hid.CreateLabHIDCommandStrategy.execute(Ledu/cmu/ri/createlab/usb/hid/HIDDevice;)Ledu/cmu/ri/createlab/usb/hid/HIDCommandResponse; (484 bytes) @ 0x0000000004aca8cc [0x0000000004aca640+0x28c]
J 746 C1 edu.cmu.ri.createlab.usb.hid.HIDCommand.call()Ljava/lang/Object; (5 bytes) @ 0x0000000004aa583c [0x0000000004aa5580+0x2bc]
J 736 C1 java.util.concurrent.FutureTask.run()V (126 bytes) @ 0x0000000004aa04cc [0x0000000004aa0280+0x24c]
j  java.util.concurrent.ThreadPoolExecutor.runWorker(Ljava/util/concurrent/ThreadPoolExecutor$Worker;)V+95
j  java.util.concurrent.ThreadPoolExecutor$Worker.run()V+5
j  java.lang.Thread.run()V+11
v  ~StubRoutines::call_stub

---------------  P R O C E S S  ---------------

Java Threads: ( => current thread )
  0x000000001ae38000 JavaThread "AWT-Shutdown" [_thread_blocked, id=9316, stack(0x000000001d6e0000,0x000000001d7e0000)]
  0x00000000046d0800 JavaThread "DestroyJavaVM" [_thread_blocked, id=7300, stack(0x00000000045d0000,0x00000000046d0000)]
=>0x000000001b49b000 JavaThread "HIDCommandExecutionQueue.executor pool-5-thread-1" daemon [_thread_in_vm, id=13452, stack(0x000000001d1e0000,0x000000001d2e0000)]
  0x000000001b49a800 JavaThread "FinchController.peerPingScheduler pool-6-thread-1" daemon [_thread_blocked, id=7388, stack(0x000000001d090000,0x000000001d190000)]
  0x000000001b471800 JavaThread "BaseCreateLabDeviceConnectivityManager.executorService pool-1-thread-1" daemon [_thread_blocked, id=10984, stack(0x000000001ca30000,0x000000001cb30000)]
  0x000000001b46f000 JavaThread "DatasetPlotter.executorService pool-4-thread-1" daemon [_thread_blocked, id=14640, stack(0x000000001c930000,0x000000001ca30000)]
  0x000000001b46c800 JavaThread "DatasetPlotter.executorService pool-3-thread-1" daemon [_thread_blocked, id=10744, stack(0x000000001c830000,0x000000001c930000)]
  0x000000001b41f800 JavaThread "DatasetPlotter.executorService pool-2-thread-1" daemon [_thread_blocked, id=13588, stack(0x000000001bf30000,0x000000001c030000)]
  0x000000001aeec800 JavaThread "Java2D Disposer" daemon [_thread_blocked, id=13780, stack(0x000000001bb40000,0x000000001bc40000)]
  0x000000001ac21000 JavaThread "Service Thread" daemon [_thread_blocked, id=14800, stack(0x000000001b000000,0x000000001b100000)]
  0x00000000192cb800 JavaThread "C1 CompilerThread2" daemon [_thread_blocked, id=12308, stack(0x000000001ab00000,0x000000001ac00000)]
  0x00000000192a6000 JavaThread "C2 CompilerThread1" daemon [_thread_blocked, id=9232, stack(0x000000001aa00000,0x000000001ab00000)]
  0x000000001929c800 JavaThread "C2 CompilerThread0" daemon [_thread_blocked, id=1116, stack(0x000000001a900000,0x000000001aa00000)]
  0x000000001929b800 JavaThread "Attach Listener" daemon [_thread_blocked, id=16244, stack(0x000000001a800000,0x000000001a900000)]
  0x000000001929a800 JavaThread "Signal Dispatcher" daemon [_thread_blocked, id=14108, stack(0x000000001a700000,0x000000001a800000)]
  0x00000000047cb800 JavaThread "Finalizer" daemon [_thread_blocked, id=10368, stack(0x000000001a510000,0x000000001a610000)]
  0x00000000047c1000 JavaThread "Reference Handler" daemon [_thread_blocked, id=14668, stack(0x000000001a410000,0x000000001a510000)]

Other Threads:
  0x0000000019267800 VMThread [stack: 0x000000001a310000,0x000000001a410000] [id=3668]
  0x000000001ac26000 WatcherThread [stack: 0x000000001b100000,0x000000001b200000] [id=12732]

VM state:not at safepoint (normal execution)

VM Mutex/Monitor currently owned by a thread: None

Heap:
 PSYoungGen      total 37888K, used 20976K [0x00000000d6100000, 0x00000000d8b00000, 0x0000000100000000)
  eden space 32768K, 64% used [0x00000000d6100000,0x00000000d757c3e0,0x00000000d8100000)
  from space 5120K, 0% used [0x00000000d8600000,0x00000000d8600000,0x00000000d8b00000)
  to   space 5120K, 0% used [0x00000000d8100000,0x00000000d8100000,0x00000000d8600000)
 ParOldGen       total 86016K, used 0K [0x0000000082200000, 0x0000000087600000, 0x00000000d6100000)
  object space 86016K, 0% used [0x0000000082200000,0x0000000082200000,0x0000000087600000)
 Metaspace       used 10671K, capacity 10878K, committed 11136K, reserved 1058816K
  class space    used 1283K, capacity 1352K, committed 1408K, reserved 1048576K

Card table byte_map: [0x0000000013b90000,0x0000000013f80000] byte_map_base: 0x000000001377f000

Marking Bits: (ParMarkBitMap*) 0x000000006a42d850
 Begin Bits: [0x0000000014620000, 0x0000000016598000)
 End Bits:   [0x0000000016598000, 0x0000000018510000)

Polling page: 0x0000000002c50000

CodeCache: size=245760Kb used=3405Kb max_used=3415Kb free=242354Kb
 bounds [0x00000000047d0000, 0x0000000004b30000, 0x00000000137d0000]
 total_blobs=1275 nmethods=877 adapters=311
 compilation: enabled

Compilation events (10 events):
Event: 21.928 Thread 0x00000000192cb800  873       3       FollowObject::moveStraight (22 bytes)
Event: 21.928 Thread 0x00000000192cb800 nmethod 873 0x0000000004b25250 code [0x0000000004b253c0, 0x0000000004b25778]
Event: 21.952 Thread 0x000000001929c800  874       4       edu.cmu.ri.createlab.usb.hid.windows.WinError::equals (77 bytes)
Event: 21.953 Thread 0x000000001929c800 nmethod 874 0x0000000004b04390 code [0x0000000004b044c0, 0x0000000004b04538]
Event: 25.984 Thread 0x00000000192a6000  875       4       edu.cmu.ri.createlab.usb.hid.windows.WindowsHIDDevice::getLastError (63 bytes)
Event: 25.984 Thread 0x000000001929c800  876       4       edu.cmu.ri.createlab.usb.hid.windows.WinError::findById (56 bytes)
Event: 25.989 Thread 0x000000001929c800 nmethod 876 0x0000000004b23550 code [0x0000000004b236c0, 0x0000000004b239b8]
Event: 25.992 Thread 0x00000000192a6000 nmethod 875 0x0000000004b1e910 code [0x0000000004b1eae0, 0x0000000004b1f0d0]
Event: 26.000 Thread 0x00000000192cb800  877       3       edu.cmu.ri.createlab.terk.robot.finch.commands.FullColorLEDCommandStrategy::<init> (59 bytes)
Event: 26.000 Thread 0x00000000192cb800 nmethod 877 0x0000000004b247d0 code [0x0000000004b24980, 0x0000000004b25008]

GC Heap History (0 events):
No events

Deoptimization events (2 events):
Event: 0.290 Thread 0x00000000046d0800 Uncommon trap: reason=unstable_if action=reinterpret pc=0x0000000004922a34 method=java.lang.String.startsWith(Ljava/lang/String;I)Z @ 25
Event: 7.800 Thread 0x000000001b49b000 Uncommon trap: reason=null_check action=make_not_entrant pc=0x0000000004af3f08 method=com.sun.jna.Function.invoke(Ljava/lang/Class;[Ljava/lang/Object;Ljava/util/Map;)Ljava/lang/Object; @ 152

Internal exceptions (10 events):
Event: 0.166 Thread 0x00000000046d0800 Exception <a 'java/lang/ClassNotFoundException': org/apache/log4j/WriterAppenderCustomizer> (0x00000000d63d4258) thrown at [C:\re\workspace\8-2-build-windows-amd64-cygwin\jdk8u144\9417\hotspot\src\share\vm\classfile\systemDictionary.cpp, line 210]
Event: 0.167 Thread 0x00000000046d0800 Exception <a 'java/lang/ClassNotFoundException': org/apache/log4j/FileAppenderCustomizer> (0x00000000d63e40e8) thrown at [C:\re\workspace\8-2-build-windows-amd64-cygwin\jdk8u144\9417\hotspot\src\share\vm\classfile\systemDictionary.cpp, line 210]
Event: 0.174 Thread 0x00000000046d0800 Exception <a 'java/lang/ClassNotFoundException': org/apache/log4j/PatternLayoutBeanInfo> (0x00000000d6433198) thrown at [C:\re\workspace\8-2-build-windows-amd64-cygwin\jdk8u144\9417\hotspot\src\share\vm\classfile\systemDictionary.cpp, line 210]
Event: 0.174 Thread 0x00000000046d0800 Exception <a 'java/lang/ClassNotFoundException': org/apache/log4j/LayoutBeanInfo> (0x00000000d6436540) thrown at [C:\re\workspace\8-2-build-windows-amd64-cygwin\jdk8u144\9417\hotspot\src\share\vm\classfile\systemDictionary.cpp, line 210]
Event: 0.174 Thread 0x00000000046d0800 Exception <a 'java/lang/ClassNotFoundException': org/apache/log4j/LayoutCustomizer> (0x00000000d6439710) thrown at [C:\re\workspace\8-2-build-windows-amd64-cygwin\jdk8u144\9417\hotspot\src\share\vm\classfile\systemDictionary.cpp, line 210]
Event: 0.175 Thread 0x00000000046d0800 Exception <a 'java/lang/ClassNotFoundException': org/apache/log4j/PatternLayoutCustomizer> (0x00000000d6441130) thrown at [C:\re\workspace\8-2-build-windows-amd64-cygwin\jdk8u144\9417\hotspot\src\share\vm\classfile\systemDictionary.cpp, line 210]
Event: 0.208 Thread 0x00000000046d0800 Exception <a 'java/io/FileNotFoundException'> (0x00000000d650f810) thrown at [C:\re\workspace\8-2-build-windows-amd64-cygwin\jdk8u144\9417\hotspot\src\share\vm\prims\jni.cpp, line 709]
Event: 0.237 Thread 0x00000000046d0800 Exception <a 'java/lang/NoSuchFieldError': method resolution failed> (0x00000000d65dc608) thrown at [C:\re\workspace\8-2-build-windows-amd64-cygwin\jdk8u144\9417\hotspot\src\share\vm\prims\methodHandles.cpp, line 1146]
Event: 0.238 Thread 0x00000000046d0800 Exception <a 'java/lang/NoSuchFieldError': method resolution failed> (0x00000000d65e9928) thrown at [C:\re\workspace\8-2-build-windows-amd64-cygwin\jdk8u144\9417\hotspot\src\share\vm\prims\methodHandles.cpp, line 1146]
Event: 0.286 Thread 0x00000000046d0800 Exception <a 'java/io/FileNotFoundException'> (0x00000000d6771240) thrown at [C:\re\workspace\8-2-build-windows-amd64-cygwin\jdk8u144\9417\hotspot\src\share\vm\prims\jni.cpp, line 709]

Events (10 events):
Event: 30.491 loading class java/lang/ProcessBuilder
Event: 30.491 loading class java/lang/ProcessBuilder done
Event: 30.491 loading class java/lang/ProcessImpl
Event: 30.491 loading class java/lang/Process
Event: 30.491 loading class java/lang/Process done
Event: 30.491 loading class java/lang/ProcessImpl done
Event: 30.492 Thread 0x000000001b3f4800 Thread exited: 0x000000001b3f4800
Event: 30.493 loading class java/lang/ProcessImpl$2
Event: 30.493 loading class java/lang/ProcessImpl$2 done
Event: 30.493 Thread 0x000000001b41c000 Thread exited: 0x000000001b41c000


Dynamic libraries:
0x00007ff7f3950000 - 0x00007ff7f3987000 	D:\Program Files\Java\jre1.8.0_144\bin\javaw.exe
0x00007ffd20c70000 - 0x00007ffd20e50000 	C:\WINDOWS\SYSTEM32\ntdll.dll
0x00007ffd20730000 - 0x00007ffd207de000 	C:\WINDOWS\System32\KERNEL32.DLL
0x00007ffd1d3a0000 - 0x00007ffd1d606000 	C:\WINDOWS\System32\KERNELBASE.dll
0x00007ffd203e0000 - 0x00007ffd20481000 	C:\WINDOWS\System32\ADVAPI32.dll
0x00007ffd1e140000 - 0x00007ffd1e1dd000 	C:\WINDOWS\System32\msvcrt.dll
0x00007ffd1fc10000 - 0x00007ffd1fc6b000 	C:\WINDOWS\System32\sechost.dll
0x00007ffd1fc70000 - 0x00007ffd1fd8f000 	C:\WINDOWS\System32\RPCRT4.dll
0x00007ffd20540000 - 0x00007ffd206cf000 	C:\WINDOWS\System32\USER32.dll
0x00007ffd1d690000 - 0x00007ffd1d6b0000 	C:\WINDOWS\System32\win32u.dll
0x00007ffd1f990000 - 0x00007ffd1f9b8000 	C:\WINDOWS\System32\GDI32.dll
0x00007ffd1d850000 - 0x00007ffd1d9e4000 	C:\WINDOWS\System32\gdi32full.dll
0x00007ffd1d6b0000 - 0x00007ffd1d74b000 	C:\WINDOWS\System32\msvcp_win.dll
0x00007ffd1d750000 - 0x00007ffd1d846000 	C:\WINDOWS\System32\ucrtbase.dll
0x00007ffd11cd0000 - 0x00007ffd11f39000 	C:\WINDOWS\WinSxS\amd64_microsoft.windows.common-controls_6595b64144ccf1df_6.0.16299.64_none_cc9304e22215ca8f\COMCTL32.dll
0x00007ffd20930000 - 0x00007ffd20c38000 	C:\WINDOWS\System32\combase.dll
0x00007ffd1d610000 - 0x00007ffd1d682000 	C:\WINDOWS\System32\bcryptPrimitives.dll
0x00007ffd20490000 - 0x00007ffd204bd000 	C:\WINDOWS\System32\IMM32.DLL
0x000000006b510000 - 0x000000006b5e2000 	D:\Program Files\Java\jre1.8.0_144\bin\msvcr100.dll
0x0000000069c10000 - 0x000000006a4ad000 	D:\Program Files\Java\jre1.8.0_144\bin\server\jvm.dll
0x00007ffd1f8d0000 - 0x00007ffd1f8d8000 	C:\WINDOWS\System32\PSAPI.DLL
0x00007ffd19dc0000 - 0x00007ffd19de3000 	C:\WINDOWS\SYSTEM32\WINMM.dll
0x00007ffd1a0a0000 - 0x00007ffd1a0a9000 	C:\WINDOWS\SYSTEM32\WSOCK32.dll
0x00007ffd201e0000 - 0x00007ffd2024c000 	C:\WINDOWS\System32\WS2_32.dll
0x00007ffd168b0000 - 0x00007ffd168ba000 	C:\WINDOWS\SYSTEM32\VERSION.dll
0x00007ffd19d50000 - 0x00007ffd19d7a000 	C:\WINDOWS\SYSTEM32\WINMMBASE.dll
0x00007ffd1d120000 - 0x00007ffd1d16a000 	C:\WINDOWS\System32\cfgmgr32.dll
0x000000006b500000 - 0x000000006b50f000 	D:\Program Files\Java\jre1.8.0_144\bin\verify.dll
0x000000006b4d0000 - 0x000000006b4f9000 	D:\Program Files\Java\jre1.8.0_144\bin\java.dll
0x000000006b4b0000 - 0x000000006b4c6000 	D:\Program Files\Java\jre1.8.0_144\bin\zip.dll
0x00007ffd1e380000 - 0x00007ffd1f7b7000 	C:\WINDOWS\System32\SHELL32.dll
0x00007ffd1f8e0000 - 0x00007ffd1f986000 	C:\WINDOWS\System32\shcore.dll
0x00007ffd1d9f0000 - 0x00007ffd1e137000 	C:\WINDOWS\System32\windows.storage.dll
0x00007ffd206d0000 - 0x00007ffd20721000 	C:\WINDOWS\System32\shlwapi.dll
0x00007ffd1d030000 - 0x00007ffd1d041000 	C:\WINDOWS\System32\kernel.appcore.dll
0x00007ffd1cfe0000 - 0x00007ffd1d02c000 	C:\WINDOWS\System32\powrprof.dll
0x00007ffd1d050000 - 0x00007ffd1d06b000 	C:\WINDOWS\System32\profapi.dll
0x000000006b310000 - 0x000000006b4a8000 	D:\Program Files\Java\jre1.8.0_144\bin\awt.dll
0x00007ffd1fb40000 - 0x00007ffd1fc05000 	C:\WINDOWS\System32\OLEAUT32.dll
0x00007ffd1b460000 - 0x00007ffd1b4e7000 	C:\WINDOWS\SYSTEM32\apphelp.dll
0x00007ffd1b780000 - 0x00007ffd1b815000 	C:\WINDOWS\system32\uxtheme.dll
0x00007ffd1f9d0000 - 0x00007ffd1fb37000 	C:\WINDOWS\System32\MSCTF.dll
0x00007ffd1b850000 - 0x00007ffd1b87a000 	C:\WINDOWS\system32\dwmapi.dll
0x00007ffd207e0000 - 0x00007ffd20929000 	C:\WINDOWS\System32\ole32.dll
0x00007ffd1ca10000 - 0x00007ffd1ca27000 	C:\WINDOWS\SYSTEM32\CRYPTSP.dll
0x00007ffd1c460000 - 0x00007ffd1c493000 	C:\WINDOWS\system32\rsaenh.dll
0x00007ffd1cb20000 - 0x00007ffd1cb45000 	C:\WINDOWS\SYSTEM32\bcrypt.dll
0x00007ffd1cef0000 - 0x00007ffd1cf19000 	C:\WINDOWS\SYSTEM32\USERENV.dll
0x00007ffd1ca30000 - 0x00007ffd1ca3b000 	C:\WINDOWS\SYSTEM32\CRYPTBASE.dll
0x000000006b2f0000 - 0x000000006b30a000 	D:\Program Files\Java\jre1.8.0_144\bin\net.dll
0x00007ffd1c850000 - 0x00007ffd1c8b6000 	C:\WINDOWS\system32\mswsock.dll
0x00007ffd1c5e0000 - 0x00007ffd1c619000 	C:\WINDOWS\SYSTEM32\IPHLPAPI.DLL
0x00007ffd20250000 - 0x00007ffd20258000 	C:\WINDOWS\System32\NSI.dll
0x00007ffd16c80000 - 0x00007ffd16c96000 	C:\WINDOWS\SYSTEM32\dhcpcsvc6.DLL
0x00007ffd175f0000 - 0x00007ffd1760a000 	C:\WINDOWS\SYSTEM32\dhcpcsvc.DLL
0x000000006b2d0000 - 0x000000006b2e1000 	D:\Program Files\Java\jre1.8.0_144\bin\nio.dll
0x0000000180000000 - 0x0000000180037000 	C:\Users\mattk\AppData\Local\Temp\jna3758891472207525850.dll
0x00007ffd1bd80000 - 0x00007ffd1bd8c000 	C:\WINDOWS\SYSTEM32\hid.dll
0x00007ffd1fd90000 - 0x00007ffd201de000 	C:\WINDOWS\System32\setupapi.dll
0x00007ffd1cdd0000 - 0x00007ffd1cdf7000 	C:\WINDOWS\System32\DEVOBJ.dll
0x00007ffd1d340000 - 0x00007ffd1d398000 	C:\WINDOWS\System32\WINTRUST.dll
0x00007ffd1cfc0000 - 0x00007ffd1cfd2000 	C:\WINDOWS\System32\MSASN1.dll
0x00007ffd1d170000 - 0x00007ffd1d33e000 	C:\WINDOWS\System32\CRYPT32.dll
0x00007ffd0a6f0000 - 0x00007ffd0a8b8000 	C:\WINDOWS\SYSTEM32\dbghelp.dll

VM Arguments:
jvm_args: -Dfile.encoding=Cp1252 
java_command: FollowObject
java_class_path (initial): D:\Program Files\Eclipse\eclipse-workspace\FollowObject\bin;D:\Program Files\Eclipse\FinchJavaEclipseWin\Windows\FinchEclipse\lib\finch.jar
Launcher Type: SUN_STANDARD

Environment Variables:
PATH=C:/Program Files/Java/jre1.8.0_151/bin/server;C:/Program Files/Java/jre1.8.0_151/bin;C:/Program Files/Java/jre1.8.0_151/lib/amd64;D:\Program Files (x86)\Borland\Bin;D:\Program Files (x86)\Borland\Projects\Bpl;C:\ProgramData\Oracle\Java\javapath;C:\WINDOWS\system32;C:\WINDOWS;C:\WINDOWS\System32\Wbem;C:\WINDOWS\System32\WindowsPowerShell\v1.0\;D:\Program Files (x86)\Skype\Phone\;C:\Users\mattk\AppData\Local\Microsoft\WindowsApps;C:\Users\mattk\AppData\Local\GitHubDesktop\bin;%USERPROFILE%\AppData\Local\Microsoft\WindowsApps;;D:\Program Files\Eclipse\eclipse-jee-neon-3-win32-x86_64\eclipse;
USERNAME=mattk
OS=Windows_NT
PROCESSOR_IDENTIFIER=Intel64 Family 6 Model 94 Stepping 3, GenuineIntel



---------------  S Y S T E M  ---------------

OS: Windows 10.0 , 64 bit Build 16299 (10.0.16299.15)

CPU:total 4 (initial active 4) (4 cores per cpu, 1 threads per core) family 6 model 94 stepping 3, cmov, cx8, fxsr, mmx, sse, sse2, sse3, ssse3, sse4.1, sse4.2, popcnt, avx, avx2, aes, clmul, erms, rtm, 3dnowpref, lzcnt, tsc, tscinvbit, bmi1, bmi2, adx

Memory: 4k page, physical 8243804k(4142820k free), swap 9554524k(3499904k free)

vm_info: Java HotSpot(TM) 64-Bit Server VM (25.144-b01) for windows-amd64 JRE (1.8.0_144-b01), built on Jul 21 2017 21:57:33 by "java_re" with MS VC++ 10.0 (VS2010)

time: Thu Dec 07 15:02:57 2017
elapsed time: 30 seconds (0d 0h 0m 30s)

